<?xml version="1.0" encoding="UTF-8"?>
<!-- Generated by org.testng.reporters.JUnitReportReporter -->
<testsuite hostname="DESKTOP-CM52I9N" name="com.surveillance.Test.RevenuePerLiveUnitTest" tests="2" failures="0" timestamp="30 Mar 2020 02:54:30 GMT" time="57.327" errors="0">
  <testcase name="BillableClientTest" time="26.142" classname="com.surveillance.Test.RevenuePerLiveUnitTest"/>
  <testcase name="logintest" time="31.185" classname="com.surveillance.Test.RevenuePerLiveUnitTest"/>
</testsuite> <!-- com.surveillance.Test.RevenuePerLiveUnitTest -->
