<?xml version="1.0" encoding="UTF-8"?>
<!-- Generated by org.testng.reporters.JUnitReportReporter -->
<testsuite hostname="kalyan" name="com.surveillance.Test.CameraLiveUnitTest" tests="1" failures="0" timestamp="7 Apr 2020 20:07:10 GMT" time="84.629" errors="0">
  <testcase name="verifyCameraLiveUnit" time="84.629" classname="com.surveillance.Test.CameraLiveUnitTest"/>
</testsuite> <!-- com.surveillance.Test.CameraLiveUnitTest -->
