<?xml version="1.0" encoding="UTF-8"?>
<!-- Generated by org.testng.reporters.JUnitReportReporter -->
<testsuite hostname="kalyan" name="com.surveillance.Test.LoginTest" tests="1" failures="0" timestamp="10 Apr 2020 07:58:55 GMT" time="21.067" errors="0">
  <testcase name="logintest" time="21.067" classname="com.surveillance.Test.LoginTest"/>
</testsuite> <!-- com.surveillance.Test.LoginTest -->
