<?xml version="1.0" encoding="UTF-8"?>
<!-- Generated by org.testng.reporters.JUnitReportReporter -->
<testsuite hostname="DESKTOP-CM52I9N" name="com.surveillance.Test.LoginTest" tests="1" failures="0" timestamp="29 Mar 2020 19:21:35 GMT" time="16.572" errors="0">
  <testcase name="logintest" time="16.572" classname="com.surveillance.Test.LoginTest"/>
</testsuite> <!-- com.surveillance.Test.LoginTest -->
