<?xml version="1.0" encoding="UTF-8"?>
<!-- Generated by org.testng.reporters.JUnitReportReporter -->
<testsuite hostname="kalyan" name="com.surveillance.Test.ArchivesLiveUnitsTest" tests="1" failures="0" timestamp="7 Apr 2020 09:20:08 GMT" time="67.622" errors="0">
  <testcase name="Archivescamera" time="67.622" classname="com.surveillance.Test.ArchivesLiveUnitsTest"/>
</testsuite> <!-- com.surveillance.Test.ArchivesLiveUnitsTest -->
